[rayhan.hasnaanajmi.org/index-2.html]
[backblue.gif]
[fade.gif]
[index.html]
[rayhan.hasnaanajmi.org/images/icon2.png]
[rayhan.hasnaanajmi.org/css/font-awesome.min.css]
[rayhan.hasnaanajmi.org/css/magnific-popup.css]
[rayhan.hasnaanajmi.org/css/owl.carousel.min.css]
[rayhan.hasnaanajmi.org/css/bootstrap.min.css]
[rayhan.hasnaanajmi.org/css/owl.theme.default.min.css]
[rayhan.hasnaanajmi.org/css/animate.min.css]
[rayhan.hasnaanajmi.org/css/main.css]
[rayhan.hasnaanajmi.org/css/main2.css]
[rayhan.hasnaanajmi.org/images/about2.jpg]
[rayhan.hasnaanajmi.org/images/portfolio/item-1.jpg]
[rayhan.hasnaanajmi.org/images/portfolio/item-2.jpg]
[rayhan.hasnaanajmi.org/images/portfolio/item-3.jpg]
[rayhan.hasnaanajmi.org/images/portfolio/item-4.jpg]
[rayhan.hasnaanajmi.org/images/portfolio/item-5.jpg]
[rayhan.hasnaanajmi.org/images/portfolio/item-6.jpg]
[rayhan.hasnaanajmi.org/images/testimonials/1.jpg]
[rayhan.hasnaanajmi.org/images/testimonials/2.jpg]
[rayhan.hasnaanajmi.org/images/testimonials/3.jpg]
[rayhan.hasnaanajmi.org/images/testimonials/4.jpg]
[rayhan.hasnaanajmi.org/images/blog/1.jpg]
[rayhan.hasnaanajmi.org/images/blog/2.jpg]
[rayhan.hasnaanajmi.org/images/blog/3.jpg]
[rayhan.hasnaanajmi.org/js/jquery-3.2.1.min.js]
[rayhan.hasnaanajmi.org/js/bootstrap.min.js]
[rayhan.hasnaanajmi.org/js/jquery.easypiechart.min.js]
[rayhan.hasnaanajmi.org/js/owl.carousel.min.js]
[rayhan.hasnaanajmi.org/js/jquery.countTo.min.js]
[rayhan.hasnaanajmi.org/js/jquery.filterizr.js]
[rayhan.hasnaanajmi.org/js/jquery.magnific-popup.min.js]
[rayhan.hasnaanajmi.org/index-2.html]
[rayhan.hasnaanajmi.org/js/custom2.js]
[rayhan.hasnaanajmi.org/fonts/fontawesome-webfont3e6e.woff2]
[rayhan.hasnaanajmi.org/fonts/fontawesome-webfont3e6e.eot]
[rayhan.hasnaanajmi.org/fonts/fontawesome-webfontd41d.eot]
[rayhan.hasnaanajmi.org/fonts/fontawesome-webfont3e6e.woff]
[rayhan.hasnaanajmi.org/css/font-awesome.min.css]
[rayhan.hasnaanajmi.org/css/magnific-popup.css]
[rayhan.hasnaanajmi.org/fonts/glyphicons-halflings-regular.eot]
[rayhan.hasnaanajmi.org/fonts/fontawesome-webfont3e6e.ttf]
[rayhan.hasnaanajmi.org/fonts/glyphicons-halflings-regulard41d.eot]
[rayhan.hasnaanajmi.org/fonts/fontawesome-webfont3e6e.svg]
[rayhan.hasnaanajmi.org/fonts/glyphicons-halflings-regular.woff2]
[rayhan.hasnaanajmi.org/fonts/glyphicons-halflings-regular.woff]
[rayhan.hasnaanajmi.org/css/bootstrap.min.css]
[rayhan.hasnaanajmi.org/fonts/glyphicons-halflings-regular.ttf]
[rayhan.hasnaanajmi.org/fonts/glyphicons-halflings-regular.svg]
[rayhan.hasnaanajmi.org/css/owl.carousel.min.css]
[rayhan.hasnaanajmi.org/css/owl.theme.default.min.css]
[rayhan.hasnaanajmi.org/css/animate.min.css]
[rayhan.hasnaanajmi.org/images/home.jpg]
[rayhan.hasnaanajmi.org/css/main.css]
[rayhan.hasnaanajmi.org/images/home2.jpg]
[rayhan.hasnaanajmi.org/css/main2.css]
[rayhan.hasnaanajmi.org/fonts/fontawesome-webfont3e6e.svg]
[rayhan.hasnaanajmi.org/fonts/glyphicons-halflings-regular.svg]
[rayhan.hasnaanajmi.org/css/owl.video.play.html]
